<?xml version="1.0" encoding="UTF-8"?>
<!-- Generated by org.testng.reporters.JUnitXMLReporter -->
<testsuite ignored="2" hostname="Sriram" failures="0" tests="1" name="Default test" time="3.734" errors="0" timestamp="2026-04-22T23:40:49 IST">
  <testcase classname="com.api.tests.ProductTests" name="getAllProductsTest" time="3.205"/>
  <testcase classname="com.api.tests.ProductTests" name="getProductByIdTest" time="0.0">
    <ignored/>
  </testcase> <!-- getProductByIdTest -->
  <testcase classname="com.api.tests.ProductTests" name="getInvalidProductTest" time="0.0">
    <ignored/>
  </testcase> <!-- getInvalidProductTest -->
</testsuite> <!-- Default test -->
