<?xml version="1.0" encoding="UTF-8"?>
<!-- Generated by org.testng.reporters.JUnitXMLReporter -->
<testsuite ignored="0" hostname="Sriram" failures="0" tests="6" name="All Tests" time="10.46" errors="0" timestamp="2026-04-25T15:58:49 IST">
  <testcase classname="com.api.tests.ProductTests" name="getAllProductsTest" time="0.595"/>
  <testcase classname="com.api.tests.ProductTests" name="getInvalidProductTest" time="0.361"/>
  <testcase classname="com.api.tests.ProductTests" name="getProductByIdTest" time="0.812"/>
  <testcase classname="com.api.tests.CartTests" name="createCartTest" time="0.378"/>
  <testcase classname="com.api.tests.AuthTests" name="loginTest" time="0.504"/>
  <testcase classname="com.api.tests.E2ETests" name="completeFlowTest" time="2.261"/>
</testsuite> <!-- All Tests -->
