<?xml version="1.0" encoding="UTF-8"?>
<!-- Generated by org.testng.reporters.JUnitXMLReporter -->
<testsuite ignored="0" hostname="Sriram" failures="0" tests="9" name="All Tests" time="22.613" errors="0" timestamp="2026-04-25T14:45:49 IST">
  <testcase classname="com.api.tests.ProductTests" name="getAllProductsTest" time="2.913"/>
  <testcase classname="com.api.tests.ProductTests" name="getInvalidProductTest" time="0.472"/>
  <testcase classname="com.api.tests.ProductTests" name="getMultipleProductsTest" time="0.528"/>
  <testcase classname="com.api.tests.ProductTests" name="getMultipleProductsTest" time="0.549"/>
  <testcase classname="com.api.tests.ProductTests" name="getMultipleProductsTest" time="0.471"/>
  <testcase classname="com.api.tests.ProductTests" name="getProductByIdTest" time="0.647"/>
  <testcase classname="com.api.tests.CartTests" name="createCartTest" time="0.467"/>
  <testcase classname="com.api.tests.AuthTests" name="loginTest" time="0.583"/>
  <testcase classname="com.api.tests.E2ETests" name="completeFlowTest" time="1.816"/>
</testsuite> <!-- All Tests -->
