<?xml version="1.0" encoding="UTF-8"?>
<testng-results ignored="0" total="9" passed="9" failed="0" skipped="0">
  <reporter-output>
  </reporter-output>
  <suite started-at="2026-04-25T14:45:27 IST" name="FakeStore API Suite" finished-at="2026-04-25T14:45:49 IST" duration-ms="22613">
    <groups>
    </groups>
    <test started-at="2026-04-25T14:45:27 IST" name="All Tests" finished-at="2026-04-25T14:45:49 IST" duration-ms="22613">
      <class name="com.api.tests.E2ETests">
        <test-method is-config="true" signature="setup()[pri:0, instance:com.api.tests.E2ETests@74d1dc36]" started-at="2026-04-25T14:45:47 IST" name="setup" finished-at="2026-04-25T14:45:48 IST" duration-ms="617" status="PASS">
          <reporter-output>
          </reporter-output>
        </test-method> <!-- setup -->
        <test-method signature="completeFlowTest()[pri:0, instance:com.api.tests.E2ETests@74d1dc36]" started-at="2026-04-25T14:45:48 IST" name="completeFlowTest" finished-at="2026-04-25T14:45:49 IST" duration-ms="1816" status="PASS">
          <reporter-output>
          </reporter-output>
        </test-method> <!-- completeFlowTest -->
      </class> <!-- com.api.tests.E2ETests -->
      <class name="com.api.tests.AuthTests">
        <test-method is-config="true" signature="setup()[pri:0, instance:com.api.tests.AuthTests@75d3a5e0]" started-at="2026-04-25T14:45:46 IST" name="setup" finished-at="2026-04-25T14:45:46 IST" duration-ms="545" status="PASS">
          <reporter-output>
          </reporter-output>
        </test-method> <!-- setup -->
        <test-method signature="loginTest()[pri:0, instance:com.api.tests.AuthTests@75d3a5e0]" started-at="2026-04-25T14:45:46 IST" name="loginTest" finished-at="2026-04-25T14:45:47 IST" duration-ms="583" status="PASS">
          <reporter-output>
          </reporter-output>
        </test-method> <!-- loginTest -->
      </class> <!-- com.api.tests.AuthTests -->
      <class name="com.api.tests.ProductTests">
        <test-method is-config="true" signature="setup()[pri:0, instance:com.api.tests.ProductTests@2892d68]" started-at="2026-04-25T14:45:27 IST" name="setup" finished-at="2026-04-25T14:45:35 IST" duration-ms="8487" status="PASS">
          <reporter-output>
          </reporter-output>
        </test-method> <!-- setup -->
        <test-method signature="getAllProductsTest()[pri:0, instance:com.api.tests.ProductTests@2892d68]" started-at="2026-04-25T14:45:36 IST" name="getAllProductsTest" description="Validate fetching all products" finished-at="2026-04-25T14:45:39 IST" duration-ms="2913" status="PASS">
          <reporter-output>
          </reporter-output>
        </test-method> <!-- getAllProductsTest -->
        <test-method is-config="true" signature="setup()[pri:0, instance:com.api.tests.ProductTests@2892d68]" started-at="2026-04-25T14:45:39 IST" name="setup" finished-at="2026-04-25T14:45:39 IST" duration-ms="633" status="PASS">
          <reporter-output>
          </reporter-output>
        </test-method> <!-- setup -->
        <test-method signature="getInvalidProductTest()[pri:0, instance:com.api.tests.ProductTests@2892d68]" started-at="2026-04-25T14:45:39 IST" name="getInvalidProductTest" description="Validate invalid product ID" finished-at="2026-04-25T14:45:40 IST" duration-ms="472" status="PASS">
          <reporter-output>
          </reporter-output>
        </test-method> <!-- getInvalidProductTest -->
        <test-method is-config="true" signature="setup()[pri:0, instance:com.api.tests.ProductTests@2892d68]" started-at="2026-04-25T14:45:40 IST" name="setup" finished-at="2026-04-25T14:45:40 IST" duration-ms="577" status="PASS">
          <reporter-output>
          </reporter-output>
        </test-method> <!-- setup -->
        <test-method signature="getMultipleProductsTest(int)[pri:0, instance:com.api.tests.ProductTests@2892d68]" started-at="2026-04-25T14:45:40 IST" name="getMultipleProductsTest" description="Validate multiple product IDs" data-provider="productIds" finished-at="2026-04-25T14:45:41 IST" duration-ms="528" status="PASS">
          <params>
            <param index="0">
              <value>
                <![CDATA[1]]>
              </value>
            </param>
          </params>
          <reporter-output>
          </reporter-output>
        </test-method> <!-- getMultipleProductsTest -->
        <test-method is-config="true" signature="setup()[pri:0, instance:com.api.tests.ProductTests@2892d68]" started-at="2026-04-25T14:45:41 IST" name="setup" finished-at="2026-04-25T14:45:42 IST" duration-ms="660" status="PASS">
          <reporter-output>
          </reporter-output>
        </test-method> <!-- setup -->
        <test-method signature="getMultipleProductsTest(int)[pri:0, instance:com.api.tests.ProductTests@2892d68]" started-at="2026-04-25T14:45:42 IST" name="getMultipleProductsTest" description="Validate multiple product IDs" data-provider="productIds" finished-at="2026-04-25T14:45:42 IST" duration-ms="549" status="PASS">
          <params>
            <param index="0">
              <value>
                <![CDATA[2]]>
              </value>
            </param>
          </params>
          <reporter-output>
          </reporter-output>
        </test-method> <!-- getMultipleProductsTest -->
        <test-method is-config="true" signature="setup()[pri:0, instance:com.api.tests.ProductTests@2892d68]" started-at="2026-04-25T14:45:42 IST" name="setup" finished-at="2026-04-25T14:45:43 IST" duration-ms="858" status="PASS">
          <reporter-output>
          </reporter-output>
        </test-method> <!-- setup -->
        <test-method signature="getMultipleProductsTest(int)[pri:0, instance:com.api.tests.ProductTests@2892d68]" started-at="2026-04-25T14:45:43 IST" name="getMultipleProductsTest" description="Validate multiple product IDs" data-provider="productIds" finished-at="2026-04-25T14:45:44 IST" duration-ms="471" status="PASS">
          <params>
            <param index="0">
              <value>
                <![CDATA[3]]>
              </value>
            </param>
          </params>
          <reporter-output>
          </reporter-output>
        </test-method> <!-- getMultipleProductsTest -->
        <test-method is-config="true" signature="setup()[pri:0, instance:com.api.tests.ProductTests@2892d68]" started-at="2026-04-25T14:45:44 IST" name="setup" finished-at="2026-04-25T14:45:44 IST" duration-ms="598" status="PASS">
          <reporter-output>
          </reporter-output>
        </test-method> <!-- setup -->
        <test-method signature="getProductByIdTest()[pri:0, instance:com.api.tests.ProductTests@2892d68]" started-at="2026-04-25T14:45:44 IST" name="getProductByIdTest" description="Validate fetching product by ID" finished-at="2026-04-25T14:45:45 IST" duration-ms="647" status="PASS">
          <reporter-output>
          </reporter-output>
        </test-method> <!-- getProductByIdTest -->
      </class> <!-- com.api.tests.ProductTests -->
      <class name="com.api.tests.CartTests">
        <test-method is-config="true" signature="setup()[pri:0, instance:com.api.tests.CartTests@2034b64c]" started-at="2026-04-25T14:45:45 IST" name="setup" finished-at="2026-04-25T14:45:45 IST" duration-ms="599" status="PASS">
          <reporter-output>
          </reporter-output>
        </test-method> <!-- setup -->
        <test-method signature="createCartTest()[pri:0, instance:com.api.tests.CartTests@2034b64c]" started-at="2026-04-25T14:45:45 IST" name="createCartTest" finished-at="2026-04-25T14:45:46 IST" duration-ms="467" status="PASS">
          <reporter-output>
          </reporter-output>
        </test-method> <!-- createCartTest -->
      </class> <!-- com.api.tests.CartTests -->
    </test> <!-- All Tests -->
  </suite> <!-- FakeStore API Suite -->
</testng-results>
