<?xml version="1.0" encoding="UTF-8"?>
<testsuite xmlns:xsi="http://www.w3.org/2001/XMLSchema-instance" xsi:noNamespaceSchemaLocation="https://maven.apache.org/surefire/maven-surefire-plugin/xsd/surefire-test-report-3.0.xsd" version="3.0" name="TestSuite" time="23.689" tests="9" errors="0" skipped="0" failures="0">
  <properties>
[...]
</properties>
  <testcase name="getAllProductsTest" classname="com.api.tests.ProductTests" time="2.764">
    <system-out><![CDATA[TOKEN: eyJhbGciOiJIUzI1NiIsInR5cCI6IkpXVCJ9.eyJzdWIiOjIsInVzZXIiOiJtb3JfMjMxNCIsImlhdCI6MTc3NzEwODUzNH0._B9t0HdoBKc6iF4vf_47ubBpOihf36m_0ddNzy2WrJI
]]></system-out>
    <system-err><![CDATA[SLF4J: Failed to load class "org.slf4j.impl.StaticLoggerBinder".
SLF4J: Defaulting to no-operation (NOP) logger implementation
SLF4J: See http://www.slf4j.org/codes.html#StaticLoggerBinder for further details.
]]></system-err>
  </testcase>
  <testcase name="getInvalidProductTest" classname="com.api.tests.ProductTests" time="0.456">
    <system-out><![CDATA[TOKEN: eyJhbGciOiJIUzI1NiIsInR5cCI6IkpXVCJ9.eyJzdWIiOjIsInVzZXIiOiJtb3JfMjMxNCIsImlhdCI6MTc3NzEwODU0MX0.2Ek1T1CdNUqedq27kcSRmDnxUtqho70fyYq0GPCZDhY
]]></system-out>
  </testcase>
  <testcase name="getMultipleProductsTest[1](1)" classname="com.api.tests.ProductTests" time="0.518">
    <system-out><![CDATA[TOKEN: eyJhbGciOiJIUzI1NiIsInR5cCI6IkpXVCJ9.eyJzdWIiOjIsInVzZXIiOiJtb3JfMjMxNCIsImlhdCI6MTc3NzEwODU0Mn0.dLyg0yT_8do4EHfmuNDAU46Y5ZKZd0A9z798PzgVzmM
]]></system-out>
  </testcase>
  <testcase name="getMultipleProductsTest[2](2)" classname="com.api.tests.ProductTests" time="0.532">
    <system-out><![CDATA[TOKEN: eyJhbGciOiJIUzI1NiIsInR5cCI6IkpXVCJ9.eyJzdWIiOjIsInVzZXIiOiJtb3JfMjMxNCIsImlhdCI6MTc3NzEwODU0M30.ErU1-ZhMh2x_Ignnhpjzj-xwQ0pmZg4n0axpVk5KdAo
]]></system-out>
  </testcase>
  <testcase name="getMultipleProductsTest[3](3)" classname="com.api.tests.ProductTests" time="0.461">
    <system-out><![CDATA[TOKEN: eyJhbGciOiJIUzI1NiIsInR5cCI6IkpXVCJ9.eyJzdWIiOjIsInVzZXIiOiJtb3JfMjMxNCIsImlhdCI6MTc3NzEwODU0NH0.NSqlzZUI30Qe-QTjq-gq-07z4mSWkLvAI7B3AYKjDRY
]]></system-out>
  </testcase>
  <testcase name="getProductByIdTest" classname="com.api.tests.ProductTests" time="0.637">
    <system-out><![CDATA[TOKEN: eyJhbGciOiJIUzI1NiIsInR5cCI6IkpXVCJ9.eyJzdWIiOjIsInVzZXIiOiJtb3JfMjMxNCIsImlhdCI6MTc3NzEwODU0NX0.8HfhOi4wte1wMD5Z6_duR5mOUavBom71DEmattjF8XA
]]></system-out>
  </testcase>
  <testcase name="createCartTest" classname="com.api.tests.CartTests" time="0.458">
    <system-out><![CDATA[TOKEN: eyJhbGciOiJIUzI1NiIsInR5cCI6IkpXVCJ9.eyJzdWIiOjIsInVzZXIiOiJtb3JfMjMxNCIsImlhdCI6MTc3NzEwODU0N30.jiGyGkS7xK3-Q8tCbeR4gh0HNG-wmpI75R506-9Faas
]]></system-out>
  </testcase>
  <testcase name="loginTest" classname="com.api.tests.AuthTests" time="0.575">
    <system-out><![CDATA[TOKEN: eyJhbGciOiJIUzI1NiIsInR5cCI6IkpXVCJ9.eyJzdWIiOjIsInVzZXIiOiJtb3JfMjMxNCIsImlhdCI6MTc3NzEwODU0OH0.6IQMSimCsCvWXPKPETR_DJvqCdEkb_OqGBZsilGe50I
]]></system-out>
  </testcase>
  <testcase name="completeFlowTest" classname="com.api.tests.E2ETests" time="1.813">
    <system-out><![CDATA[TOKEN: eyJhbGciOiJIUzI1NiIsInR5cCI6IkpXVCJ9.eyJzdWIiOjIsInVzZXIiOiJtb3JfMjMxNCIsImlhdCI6MTc3NzEwODU0OX0.xsE-BvMdME0jDQXTbJuXX6Q3tLFj3UMWyH3xmtQrNUs
]]></system-out>
  </testcase>
</testsuite>