<?xml version="1.0" encoding="UTF-8"?>
<testng-results ignored="0" total="6" passed="6" failed="0" skipped="0">
  <reporter-output>
  </reporter-output>
  <suite started-at="2026-04-25T15:58:39 IST" name="FakeStore API Suite" finished-at="2026-04-25T15:58:49 IST" duration-ms="10460">
    <groups>
    </groups>
    <test started-at="2026-04-25T15:58:39 IST" name="All Tests" finished-at="2026-04-25T15:58:49 IST" duration-ms="10460">
      <class name="com.api.tests.E2ETests">
        <test-method is-config="true" signature="setup()[pri:0, instance:com.api.tests.E2ETests@1530c739]" started-at="2026-04-25T15:58:46 IST" name="setup" finished-at="2026-04-25T15:58:47 IST" duration-ms="483" status="PASS">
          <reporter-output>
          </reporter-output>
        </test-method> <!-- setup -->
        <test-method signature="completeFlowTest()[pri:0, instance:com.api.tests.E2ETests@1530c739]" started-at="2026-04-25T15:58:47 IST" name="completeFlowTest" description="Complete API flow: login → get products → create cart" finished-at="2026-04-25T15:58:49 IST" duration-ms="2261" status="PASS">
          <reporter-output>
          </reporter-output>
        </test-method> <!-- completeFlowTest -->
      </class> <!-- com.api.tests.E2ETests -->
      <class name="com.api.tests.AuthTests">
        <test-method is-config="true" signature="setup()[pri:0, instance:com.api.tests.AuthTests@449a4f23]" started-at="2026-04-25T15:58:45 IST" name="setup" finished-at="2026-04-25T15:58:46 IST" duration-ms="486" status="PASS">
          <reporter-output>
          </reporter-output>
        </test-method> <!-- setup -->
        <test-method signature="loginTest()[pri:0, instance:com.api.tests.AuthTests@449a4f23]" started-at="2026-04-25T15:58:46 IST" name="loginTest" description="Validate login API" finished-at="2026-04-25T15:58:46 IST" duration-ms="504" status="PASS">
          <reporter-output>
          </reporter-output>
        </test-method> <!-- loginTest -->
      </class> <!-- com.api.tests.AuthTests -->
      <class name="com.api.tests.ProductTests">
        <test-method is-config="true" signature="setup()[pri:0, instance:com.api.tests.ProductTests@4686afc2]" started-at="2026-04-25T15:58:39 IST" name="setup" finished-at="2026-04-25T15:58:41 IST" duration-ms="2092" status="PASS">
          <reporter-output>
          </reporter-output>
        </test-method> <!-- setup -->
        <test-method signature="getAllProductsTest()[pri:0, instance:com.api.tests.ProductTests@4686afc2]" started-at="2026-04-25T15:58:41 IST" name="getAllProductsTest" finished-at="2026-04-25T15:58:41 IST" duration-ms="595" status="PASS">
          <reporter-output>
          </reporter-output>
        </test-method> <!-- getAllProductsTest -->
        <test-method is-config="true" signature="setup()[pri:0, instance:com.api.tests.ProductTests@4686afc2]" started-at="2026-04-25T15:58:41 IST" name="setup" finished-at="2026-04-25T15:58:43 IST" duration-ms="1381" status="PASS">
          <reporter-output>
          </reporter-output>
        </test-method> <!-- setup -->
        <test-method signature="getInvalidProductTest()[pri:0, instance:com.api.tests.ProductTests@4686afc2]" started-at="2026-04-25T15:58:43 IST" name="getInvalidProductTest" finished-at="2026-04-25T15:58:43 IST" duration-ms="361" status="PASS">
          <reporter-output>
          </reporter-output>
        </test-method> <!-- getInvalidProductTest -->
        <test-method is-config="true" signature="setup()[pri:0, instance:com.api.tests.ProductTests@4686afc2]" started-at="2026-04-25T15:58:43 IST" name="setup" finished-at="2026-04-25T15:58:44 IST" duration-ms="501" status="PASS">
          <reporter-output>
          </reporter-output>
        </test-method> <!-- setup -->
        <test-method signature="getProductByIdTest()[pri:0, instance:com.api.tests.ProductTests@4686afc2]" started-at="2026-04-25T15:58:44 IST" name="getProductByIdTest" finished-at="2026-04-25T15:58:44 IST" duration-ms="812" status="PASS">
          <reporter-output>
          </reporter-output>
        </test-method> <!-- getProductByIdTest -->
      </class> <!-- com.api.tests.ProductTests -->
      <class name="com.api.tests.CartTests">
        <test-method is-config="true" signature="setup()[pri:0, instance:com.api.tests.CartTests@53fe15ff]" started-at="2026-04-25T15:58:44 IST" name="setup" finished-at="2026-04-25T15:58:45 IST" duration-ms="490" status="PASS">
          <reporter-output>
          </reporter-output>
        </test-method> <!-- setup -->
        <test-method signature="createCartTest()[pri:0, instance:com.api.tests.CartTests@53fe15ff]" started-at="2026-04-25T15:58:45 IST" name="createCartTest" description="Validate create cart API" finished-at="2026-04-25T15:58:45 IST" duration-ms="378" status="PASS">
          <reporter-output>
          </reporter-output>
        </test-method> <!-- createCartTest -->
      </class> <!-- com.api.tests.CartTests -->
    </test> <!-- All Tests -->
  </suite> <!-- FakeStore API Suite -->
</testng-results>
