<?xml version="1.0" encoding="UTF-8"?>
<testng-results ignored="0" total="1" passed="1" failed="0" skipped="0">
  <reporter-output>
  </reporter-output>
  <suite started-at="2026-04-22T23:40:45 IST" name="Default suite" finished-at="2026-04-22T23:40:49 IST" duration-ms="3734">
    <groups>
    </groups>
    <test started-at="2026-04-22T23:40:45 IST" name="Default test" finished-at="2026-04-22T23:40:49 IST" duration-ms="3734">
      <class name="com.api.tests.ProductTests">
        <test-method is-config="true" signature="setup()[pri:0, instance:com.api.tests.ProductTests@6b695b06]" started-at="2026-04-22T23:40:45 IST" name="setup" finished-at="2026-04-22T23:40:45 IST" duration-ms="388" status="PASS">
          <reporter-output>
          </reporter-output>
        </test-method> <!-- setup -->
        <test-method signature="getAllProductsTest()[pri:0, instance:com.api.tests.ProductTests@6b695b06]" started-at="2026-04-22T23:40:46 IST" name="getAllProductsTest" description="Validate fetching all products" finished-at="2026-04-22T23:40:49 IST" duration-ms="3205" status="PASS">
          <reporter-output>
          </reporter-output>
        </test-method> <!-- getAllProductsTest -->
      </class> <!-- com.api.tests.ProductTests -->
    </test> <!-- Default test -->
  </suite> <!-- Default suite -->
</testng-results>
