<?xml version="1.0" encoding="UTF-8"?>
<!-- Generated by org.testng.reporters.JUnitXMLReporter -->
<testsuite ignored="0" hostname="Sriram" failures="0" tests="7" name="All Tests" time="6.226" errors="0" timestamp="2026-04-22T16:43:51 IST">
  <testcase classname="com.api.tests.ProductTests" name="getAllProductsPerformanceTest" time="1.23"/>
  <testcase classname="com.api.tests.ProductTests" name="getAllProductsTest" time="0.903"/>
  <testcase classname="com.api.tests.ProductTests" name="getInvalidProductTest" time="0.358"/>
  <testcase classname="com.api.tests.ProductTests" name="getProductByIdTest" time="0.389"/>
  <testcase classname="com.api.tests.CartTests" name="createCartTest" time="0.625"/>
  <testcase classname="com.api.tests.AuthTests" name="loginTest" time="0.543"/>
  <testcase classname="com.api.tests.E2ETests" name="completeFlowTest" time="1.653"/>
</testsuite> <!-- All Tests -->
