<?xml version="1.0" encoding="UTF-8"?>
<!-- Generated by org.testng.reporters.JUnitReportReporter -->
<testsuite hostname="Sriram" failures="0" tests="6" name="com.api.tests.ProductTests" time="17.393" errors="0" timestamp="2026-04-25T14:45:50 IST" skipped="0">
  <testcase classname="com.api.tests.ProductTests" name="getInvalidProductTest" time="1.105"/>
  <testcase classname="com.api.tests.ProductTests" name="getMultipleProductsTest" time="9.036"/>
  <testcase classname="com.api.tests.ProductTests" name="getMultipleProductsTest" time="1.069"/>
  <testcase classname="com.api.tests.ProductTests" name="getMultipleProductsTest" time="1.386"/>
  <testcase classname="com.api.tests.ProductTests" name="getProductByIdTest" time="1.224"/>
  <testcase classname="com.api.tests.ProductTests" name="getAllProductsTest" time="3.573"/>
</testsuite> <!-- com.api.tests.ProductTests -->
