<?xml version="1.0" encoding="UTF-8"?>
<!-- Generated by org.testng.reporters.JUnitReportReporter -->
<testsuite hostname="Sriram" failures="0" tests="3" name="com.api.tests.ProductTests" time="5.742" errors="0" timestamp="2026-04-25T15:58:49 IST" skipped="0">
  <testcase classname="com.api.tests.ProductTests" name="getAllProductsTest" time="2.687"/>
  <testcase classname="com.api.tests.ProductTests" name="getInvalidProductTest" time="1.742"/>
  <testcase classname="com.api.tests.ProductTests" name="getProductByIdTest" time="1.313"/>
</testsuite> <!-- com.api.tests.ProductTests -->
